2022-11-03 22:02:05.423  INFO 1683 --- [main] c.e.q.e.r.MemberJpaRepositoryTest        : Starting MemberJpaRepositoryTest using Java 11.0.13 on chaemyeongjeong-ui-MacBookAir.local with PID 1683 (started by chaemyeongjeong in /Users/chaemyeongjeong/IdeaProjects/querydsl)
2022-11-03 22:02:05.450  INFO 1683 --- [main] c.e.q.e.r.MemberJpaRepositoryTest        : No active profile set, falling back to 1 default profile: "default"
2022-11-03 22:02:06.636  INFO 1683 --- [main] .s.d.r.c.RepositoryConfigurationDelegate : Bootstrapping Spring Data JPA repositories in DEFAULT mode.
2022-11-03 22:02:06.670  INFO 1683 --- [main] .s.d.r.c.RepositoryConfigurationDelegate : Finished Spring Data repository scanning in 25 ms. Found 0 JPA repository interfaces.
2022-11-03 22:02:08.031  INFO 1683 --- [main] o.hibernate.jpa.internal.util.LogHelper  : HHH000204: Processing PersistenceUnitInfo [name: default]
2022-11-03 22:02:08.084  INFO 1683 --- [main] org.hibernate.Version                    : HHH000412: Hibernate ORM core version 5.6.11.Final
2022-11-03 22:02:08.256  INFO 1683 --- [main] o.hibernate.annotations.common.Version   : HCANN000001: Hibernate Commons Annotations {5.1.2.Final}
2022-11-03 22:02:08.359  INFO 1683 --- [main] com.zaxxer.hikari.HikariDataSource       : HikariPool-1 - Starting...
2022-11-03 22:02:08.969  INFO 1683 --- [main] com.zaxxer.hikari.HikariDataSource       : HikariPool-1 - Start completed.
2022-11-03 22:02:08.986  INFO 1683 --- [main] org.hibernate.dialect.Dialect            : HHH000400: Using dialect: org.hibernate.dialect.MySQL57Dialect
2022-11-03 22:02:09.878  INFO 1683 --- [main] p6spy                                    : #1667480529878 | took 38ms | statement | connection 1| url jdbc:mysql://localhost:3306/query_dsl?useSSl=false&useUnicode=true&serverTimezone=Asia/Seoul&allowPublicKeyRetrieval=true&createDatabaseIfNotExist=true

    alter table member 
       drop 
       foreign key FKcjte2jn9pvo9ud2hyfgwcja0k

    alter table member 
       drop 
       foreign key FKcjte2jn9pvo9ud2hyfgwcja0k;
2022-11-03 22:02:09.885  INFO 1683 --- [main] p6spy                                    : #1667480529885 | took 5ms | statement | connection 1| url jdbc:mysql://localhost:3306/query_dsl?useSSl=false&useUnicode=true&serverTimezone=Asia/Seoul&allowPublicKeyRetrieval=true&createDatabaseIfNotExist=true

    drop table if exists hello

    drop table if exists hello;
2022-11-03 22:02:09.889  INFO 1683 --- [main] p6spy                                    : #1667480529889 | took 3ms | statement | connection 1| url jdbc:mysql://localhost:3306/query_dsl?useSSl=false&useUnicode=true&serverTimezone=Asia/Seoul&allowPublicKeyRetrieval=true&createDatabaseIfNotExist=true

    drop table if exists member

    drop table if exists member;
2022-11-03 22:02:09.891  INFO 1683 --- [main] p6spy                                    : #1667480529891 | took 2ms | statement | connection 1| url jdbc:mysql://localhost:3306/query_dsl?useSSl=false&useUnicode=true&serverTimezone=Asia/Seoul&allowPublicKeyRetrieval=true&createDatabaseIfNotExist=true

    drop table if exists team

    drop table if exists team;
2022-11-03 22:02:09.901  INFO 1683 --- [main] p6spy                                    : #1667480529901 | took 4ms | statement | connection 2| url jdbc:mysql://localhost:3306/query_dsl?useSSl=false&useUnicode=true&serverTimezone=Asia/Seoul&allowPublicKeyRetrieval=true&createDatabaseIfNotExist=true

    create table hello (
       id bigint not null auto_increment,
        primary key (id)
    ) engine=InnoDB

    create table hello (
       id bigint not null auto_increment,
        primary key (id)
    ) engine=InnoDB;
2022-11-03 22:02:09.907  INFO 1683 --- [main] p6spy                                    : #1667480529907 | took 4ms | statement | connection 2| url jdbc:mysql://localhost:3306/query_dsl?useSSl=false&useUnicode=true&serverTimezone=Asia/Seoul&allowPublicKeyRetrieval=true&createDatabaseIfNotExist=true

    create table member (
       member_id bigint not null auto_increment,
        age integer not null,
        user_name varchar(255),
        team_id bigint,
        primary key (member_id)
    ) engine=InnoDB

    create table member (
       member_id bigint not null auto_increment,
        age integer not null,
        user_name varchar(255),
        team_id bigint,
        primary key (member_id)
    ) engine=InnoDB;
2022-11-03 22:02:09.911  INFO 1683 --- [main] p6spy                                    : #1667480529911 | took 3ms | statement | connection 2| url jdbc:mysql://localhost:3306/query_dsl?useSSl=false&useUnicode=true&serverTimezone=Asia/Seoul&allowPublicKeyRetrieval=true&createDatabaseIfNotExist=true

    create table team (
       team_id bigint not null auto_increment,
        name varchar(255),
        primary key (team_id)
    ) engine=InnoDB

    create table team (
       team_id bigint not null auto_increment,
        name varchar(255),
        primary key (team_id)
    ) engine=InnoDB;
2022-11-03 22:02:09.922  INFO 1683 --- [main] p6spy                                    : #1667480529922 | took 10ms | statement | connection 2| url jdbc:mysql://localhost:3306/query_dsl?useSSl=false&useUnicode=true&serverTimezone=Asia/Seoul&allowPublicKeyRetrieval=true&createDatabaseIfNotExist=true

    alter table member 
       add constraint FKcjte2jn9pvo9ud2hyfgwcja0k 
       foreign key (team_id) 
       references team (team_id)

    alter table member 
       add constraint FKcjte2jn9pvo9ud2hyfgwcja0k 
       foreign key (team_id) 
       references team (team_id);
2022-11-03 22:02:09.927  INFO 1683 --- [main] o.h.e.t.j.p.i.JtaPlatformInitiator       : HHH000490: Using JtaPlatform implementation: [org.hibernate.engine.transaction.jta.platform.internal.NoJtaPlatform]
2022-11-03 22:02:09.935  INFO 1683 --- [main] j.LocalContainerEntityManagerFactoryBean : Initialized JPA EntityManagerFactory for persistence unit 'default'
2022-11-03 22:02:10.509  WARN 1683 --- [main] JpaBaseConfiguration$JpaWebConfiguration : spring.jpa.open-in-view is enabled by default. Therefore, database queries may be performed during view rendering. Explicitly configure spring.jpa.open-in-view to disable this warning
2022-11-03 22:02:11.544  INFO 1683 --- [main] c.e.q.e.r.MemberJpaRepositoryTest        : Started MemberJpaRepositoryTest in 6.867 seconds (JVM running for 8.562)
2022-11-03 22:02:11.639  INFO 1683 --- [main] o.s.t.c.transaction.TransactionContext   : Began transaction (1) for test context [DefaultTestContext@2f05be7f testClass = MemberJpaRepositoryTest, testInstance = com.example.querydsl.entity.repository.MemberJpaRepositoryTest@41dc34c8, testMethod = basicTest@MemberJpaRepositoryTest, testException = [null], mergedContextConfiguration = [WebMergedContextConfiguration@640f11a1 testClass = MemberJpaRepositoryTest, locations = '{}', classes = '{class com.example.querydsl.QuerydslApplication}', contextInitializerClasses = '[]', activeProfiles = '{}', propertySourceLocations = '{}', propertySourceProperties = '{org.springframework.boot.test.context.SpringBootTestContextBootstrapper=true}', contextCustomizers = set[org.springframework.boot.test.autoconfigure.actuate.metrics.MetricsExportContextCustomizerFactory$DisableMetricExportContextCustomizer@1f760b47, org.springframework.boot.test.autoconfigure.properties.PropertyMappingContextCustomizer@0, org.springframework.boot.test.autoconfigure.web.servlet.WebDriverContextCustomizerFactory$Customizer@64ec96c6, org.springframework.boot.test.context.filter.ExcludeFilterContextCustomizer@452e19ca, org.springframework.boot.test.json.DuplicateJsonObjectContextCustomizerFactory$DuplicateJsonObjectContextCustomizer@e25951c, org.springframework.boot.test.mock.mockito.MockitoContextCustomizer@0, org.springframework.boot.test.web.client.TestRestTemplateContextCustomizer@24c22fe, org.springframework.boot.test.context.SpringBootTestArgs@1, org.springframework.boot.test.context.SpringBootTestWebEnvironment@11e21d0e], resourceBasePath = 'src/main/webapp', contextLoader = 'org.springframework.boot.test.context.SpringBootContextLoader', parent = [null]], attributes = map['org.springframework.test.context.web.ServletTestExecutionListener.activateListener' -> true, 'org.springframework.test.context.web.ServletTestExecutionListener.populatedRequestContextHolder' -> true, 'org.springframework.test.context.web.ServletTestExecutionListener.resetRequestContextHolder' -> true, 'org.springframework.test.context.event.ApplicationEventsTestExecutionListener.recordApplicationEvents' -> false]]; transaction manager [org.springframework.orm.jpa.JpaTransactionManager@6b338591]; rollback [true]
2022-11-03 22:02:11.815  INFO 1683 --- [main] p6spy                                    : #1667480531815 | took 5ms | statement | connection 3| url jdbc:mysql://localhost:3306/query_dsl?useSSl=false&useUnicode=true&serverTimezone=Asia/Seoul&allowPublicKeyRetrieval=true&createDatabaseIfNotExist=true
/* insert com.example.querydsl.entity.Member */ insert into member (age, team_id, user_name) values (?, ?, ?)
/* insert com.example.querydsl.entity.Member */ insert into member (age, team_id, user_name) values (10, NULL, 'member1');
2022-11-03 22:02:11.903  INFO 1683 --- [main] p6spy                                    : #1667480531903 | took 1ms | rollback | connection 3| url jdbc:mysql://localhost:3306/query_dsl?useSSl=false&useUnicode=true&serverTimezone=Asia/Seoul&allowPublicKeyRetrieval=true&createDatabaseIfNotExist=true

;
2022-11-03 22:02:11.906  INFO 1683 --- [main] o.s.t.c.transaction.TransactionContext   : Rolled back transaction for test: [DefaultTestContext@2f05be7f testClass = MemberJpaRepositoryTest, testInstance = com.example.querydsl.entity.repository.MemberJpaRepositoryTest@41dc34c8, testMethod = basicTest@MemberJpaRepositoryTest, testException = [null], mergedContextConfiguration = [WebMergedContextConfiguration@640f11a1 testClass = MemberJpaRepositoryTest, locations = '{}', classes = '{class com.example.querydsl.QuerydslApplication}', contextInitializerClasses = '[]', activeProfiles = '{}', propertySourceLocations = '{}', propertySourceProperties = '{org.springframework.boot.test.context.SpringBootTestContextBootstrapper=true}', contextCustomizers = set[org.springframework.boot.test.autoconfigure.actuate.metrics.MetricsExportContextCustomizerFactory$DisableMetricExportContextCustomizer@1f760b47, org.springframework.boot.test.autoconfigure.properties.PropertyMappingContextCustomizer@0, org.springframework.boot.test.autoconfigure.web.servlet.WebDriverContextCustomizerFactory$Customizer@64ec96c6, org.springframework.boot.test.context.filter.ExcludeFilterContextCustomizer@452e19ca, org.springframework.boot.test.json.DuplicateJsonObjectContextCustomizerFactory$DuplicateJsonObjectContextCustomizer@e25951c, org.springframework.boot.test.mock.mockito.MockitoContextCustomizer@0, org.springframework.boot.test.web.client.TestRestTemplateContextCustomizer@24c22fe, org.springframework.boot.test.context.SpringBootTestArgs@1, org.springframework.boot.test.context.SpringBootTestWebEnvironment@11e21d0e], resourceBasePath = 'src/main/webapp', contextLoader = 'org.springframework.boot.test.context.SpringBootContextLoader', parent = [null]], attributes = map['org.springframework.test.context.web.ServletTestExecutionListener.activateListener' -> true, 'org.springframework.test.context.web.ServletTestExecutionListener.populatedRequestContextHolder' -> true, 'org.springframework.test.context.web.ServletTestExecutionListener.resetRequestContextHolder' -> true, 'org.springframework.test.context.event.ApplicationEventsTestExecutionListener.recordApplicationEvents' -> false]]
2022-11-03 22:02:11.923  INFO 1683 --- [SpringApplicationShutdownHook] j.LocalContainerEntityManagerFactoryBean : Closing JPA EntityManagerFactory for persistence unit 'default'
2022-11-03 22:02:11.927  INFO 1683 --- [SpringApplicationShutdownHook] com.zaxxer.hikari.HikariDataSource       : HikariPool-1 - Shutdown initiated...
2022-11-03 22:02:11.949  INFO 1683 --- [SpringApplicationShutdownHook] com.zaxxer.hikari.HikariDataSource       : HikariPool-1 - Shutdown completed.
2022-11-03 22:04:10.180  INFO 1765 --- [main] c.e.q.e.r.MemberJpaRepositoryTest        : Starting MemberJpaRepositoryTest using Java 11.0.13 on chaemyeongjeong-ui-MacBookAir.local with PID 1765 (started by chaemyeongjeong in /Users/chaemyeongjeong/IdeaProjects/querydsl)
2022-11-03 22:04:10.181  INFO 1765 --- [main] c.e.q.e.r.MemberJpaRepositoryTest        : No active profile set, falling back to 1 default profile: "default"
2022-11-03 22:04:11.366  INFO 1765 --- [main] .s.d.r.c.RepositoryConfigurationDelegate : Bootstrapping Spring Data JPA repositories in DEFAULT mode.
2022-11-03 22:04:11.398  INFO 1765 --- [main] .s.d.r.c.RepositoryConfigurationDelegate : Finished Spring Data repository scanning in 24 ms. Found 0 JPA repository interfaces.
2022-11-03 22:04:12.700  INFO 1765 --- [main] o.hibernate.jpa.internal.util.LogHelper  : HHH000204: Processing PersistenceUnitInfo [name: default]
2022-11-03 22:04:12.751  INFO 1765 --- [main] org.hibernate.Version                    : HHH000412: Hibernate ORM core version 5.6.11.Final
2022-11-03 22:04:12.911  INFO 1765 --- [main] o.hibernate.annotations.common.Version   : HCANN000001: Hibernate Commons Annotations {5.1.2.Final}
2022-11-03 22:04:13.014  INFO 1765 --- [main] com.zaxxer.hikari.HikariDataSource       : HikariPool-1 - Starting...
2022-11-03 22:04:13.475  INFO 1765 --- [main] com.zaxxer.hikari.HikariDataSource       : HikariPool-1 - Start completed.
2022-11-03 22:04:13.492  INFO 1765 --- [main] org.hibernate.dialect.Dialect            : HHH000400: Using dialect: org.hibernate.dialect.MySQL57Dialect
2022-11-03 22:04:14.365  INFO 1765 --- [main] p6spy                                    : #1667480654365 | took 18ms | statement | connection 1| url jdbc:mysql://localhost:3306/query_dsl?useSSl=false&useUnicode=true&serverTimezone=Asia/Seoul&allowPublicKeyRetrieval=true&createDatabaseIfNotExist=true

    alter table member 
       drop 
       foreign key FKcjte2jn9pvo9ud2hyfgwcja0k

    alter table member 
       drop 
       foreign key FKcjte2jn9pvo9ud2hyfgwcja0k;
2022-11-03 22:04:14.370  INFO 1765 --- [main] p6spy                                    : #1667480654370 | took 4ms | statement | connection 1| url jdbc:mysql://localhost:3306/query_dsl?useSSl=false&useUnicode=true&serverTimezone=Asia/Seoul&allowPublicKeyRetrieval=true&createDatabaseIfNotExist=true

    drop table if exists hello

    drop table if exists hello;
2022-11-03 22:04:14.377  INFO 1765 --- [main] p6spy                                    : #1667480654377 | took 4ms | statement | connection 1| url jdbc:mysql://localhost:3306/query_dsl?useSSl=false&useUnicode=true&serverTimezone=Asia/Seoul&allowPublicKeyRetrieval=true&createDatabaseIfNotExist=true

    drop table if exists member

    drop table if exists member;
2022-11-03 22:04:14.381  INFO 1765 --- [main] p6spy                                    : #1667480654381 | took 4ms | statement | connection 1| url jdbc:mysql://localhost:3306/query_dsl?useSSl=false&useUnicode=true&serverTimezone=Asia/Seoul&allowPublicKeyRetrieval=true&createDatabaseIfNotExist=true

    drop table if exists team

    drop table if exists team;
2022-11-03 22:04:14.396  INFO 1765 --- [main] p6spy                                    : #1667480654396 | took 6ms | statement | connection 2| url jdbc:mysql://localhost:3306/query_dsl?useSSl=false&useUnicode=true&serverTimezone=Asia/Seoul&allowPublicKeyRetrieval=true&createDatabaseIfNotExist=true

    create table hello (
       id bigint not null auto_increment,
        primary key (id)
    ) engine=InnoDB

    create table hello (
       id bigint not null auto_increment,
        primary key (id)
    ) engine=InnoDB;
2022-11-03 22:04:14.400  INFO 1765 --- [main] p6spy                                    : #1667480654400 | took 3ms | statement | connection 2| url jdbc:mysql://localhost:3306/query_dsl?useSSl=false&useUnicode=true&serverTimezone=Asia/Seoul&allowPublicKeyRetrieval=true&createDatabaseIfNotExist=true

    create table member (
       member_id bigint not null auto_increment,
        age integer not null,
        user_name varchar(255),
        team_id bigint,
        primary key (member_id)
    ) engine=InnoDB

    create table member (
       member_id bigint not null auto_increment,
        age integer not null,
        user_name varchar(255),
        team_id bigint,
        primary key (member_id)
    ) engine=InnoDB;
2022-11-03 22:04:14.405  INFO 1765 --- [main] p6spy                                    : #1667480654405 | took 4ms | statement | connection 2| url jdbc:mysql://localhost:3306/query_dsl?useSSl=false&useUnicode=true&serverTimezone=Asia/Seoul&allowPublicKeyRetrieval=true&createDatabaseIfNotExist=true

    create table team (
       team_id bigint not null auto_increment,
        name varchar(255),
        primary key (team_id)
    ) engine=InnoDB

    create table team (
       team_id bigint not null auto_increment,
        name varchar(255),
        primary key (team_id)
    ) engine=InnoDB;
2022-11-03 22:04:14.418  INFO 1765 --- [main] p6spy                                    : #1667480654417 | took 12ms | statement | connection 2| url jdbc:mysql://localhost:3306/query_dsl?useSSl=false&useUnicode=true&serverTimezone=Asia/Seoul&allowPublicKeyRetrieval=true&createDatabaseIfNotExist=true

    alter table member 
       add constraint FKcjte2jn9pvo9ud2hyfgwcja0k 
       foreign key (team_id) 
       references team (team_id)

    alter table member 
       add constraint FKcjte2jn9pvo9ud2hyfgwcja0k 
       foreign key (team_id) 
       references team (team_id);
2022-11-03 22:04:14.421  INFO 1765 --- [main] o.h.e.t.j.p.i.JtaPlatformInitiator       : HHH000490: Using JtaPlatform implementation: [org.hibernate.engine.transaction.jta.platform.internal.NoJtaPlatform]
2022-11-03 22:04:14.431  INFO 1765 --- [main] j.LocalContainerEntityManagerFactoryBean : Initialized JPA EntityManagerFactory for persistence unit 'default'
2022-11-03 22:04:14.981  WARN 1765 --- [main] JpaBaseConfiguration$JpaWebConfiguration : spring.jpa.open-in-view is enabled by default. Therefore, database queries may be performed during view rendering. Explicitly configure spring.jpa.open-in-view to disable this warning
2022-11-03 22:04:16.053  INFO 1765 --- [main] c.e.q.e.r.MemberJpaRepositoryTest        : Started MemberJpaRepositoryTest in 6.665 seconds (JVM running for 8.161)
2022-11-03 22:04:16.154  INFO 1765 --- [main] o.s.t.c.transaction.TransactionContext   : Began transaction (1) for test context [DefaultTestContext@2f05be7f testClass = MemberJpaRepositoryTest, testInstance = com.example.querydsl.entity.repository.MemberJpaRepositoryTest@1d4e06bb, testMethod = basicTest@MemberJpaRepositoryTest, testException = [null], mergedContextConfiguration = [WebMergedContextConfiguration@640f11a1 testClass = MemberJpaRepositoryTest, locations = '{}', classes = '{class com.example.querydsl.QuerydslApplication}', contextInitializerClasses = '[]', activeProfiles = '{}', propertySourceLocations = '{}', propertySourceProperties = '{org.springframework.boot.test.context.SpringBootTestContextBootstrapper=true}', contextCustomizers = set[org.springframework.boot.test.autoconfigure.actuate.metrics.MetricsExportContextCustomizerFactory$DisableMetricExportContextCustomizer@1f760b47, org.springframework.boot.test.autoconfigure.properties.PropertyMappingContextCustomizer@0, org.springframework.boot.test.autoconfigure.web.servlet.WebDriverContextCustomizerFactory$Customizer@64ec96c6, org.springframework.boot.test.context.filter.ExcludeFilterContextCustomizer@452e19ca, org.springframework.boot.test.json.DuplicateJsonObjectContextCustomizerFactory$DuplicateJsonObjectContextCustomizer@e25951c, org.springframework.boot.test.mock.mockito.MockitoContextCustomizer@0, org.springframework.boot.test.web.client.TestRestTemplateContextCustomizer@24c22fe, org.springframework.boot.test.context.SpringBootTestArgs@1, org.springframework.boot.test.context.SpringBootTestWebEnvironment@11e21d0e], resourceBasePath = 'src/main/webapp', contextLoader = 'org.springframework.boot.test.context.SpringBootContextLoader', parent = [null]], attributes = map['org.springframework.test.context.web.ServletTestExecutionListener.activateListener' -> true, 'org.springframework.test.context.web.ServletTestExecutionListener.populatedRequestContextHolder' -> true, 'org.springframework.test.context.web.ServletTestExecutionListener.resetRequestContextHolder' -> true, 'org.springframework.test.context.event.ApplicationEventsTestExecutionListener.recordApplicationEvents' -> false]]; transaction manager [org.springframework.orm.jpa.JpaTransactionManager@6d658aa8]; rollback [true]
2022-11-03 22:04:16.350  INFO 1765 --- [main] p6spy                                    : #1667480656350 | took 1ms | statement | connection 3| url jdbc:mysql://localhost:3306/query_dsl?useSSl=false&useUnicode=true&serverTimezone=Asia/Seoul&allowPublicKeyRetrieval=true&createDatabaseIfNotExist=true
/* insert com.example.querydsl.entity.Member */ insert into member (age, team_id, user_name) values (?, ?, ?)
/* insert com.example.querydsl.entity.Member */ insert into member (age, team_id, user_name) values (10, NULL, 'member1');
2022-11-03 22:04:16.470  INFO 1765 --- [main] p6spy                                    : #1667480656470 | took 8ms | statement | connection 3| url jdbc:mysql://localhost:3306/query_dsl?useSSl=false&useUnicode=true&serverTimezone=Asia/Seoul&allowPublicKeyRetrieval=true&createDatabaseIfNotExist=true
/* select m from Member m */ select member0_.member_id as member_i1_1_, member0_.age as age2_1_, member0_.team_id as team_id4_1_, member0_.user_name as user_nam3_1_ from member member0_
/* select m from Member m */ select member0_.member_id as member_i1_1_, member0_.age as age2_1_, member0_.team_id as team_id4_1_, member0_.user_name as user_nam3_1_ from member member0_;
2022-11-03 22:04:16.488  INFO 1765 --- [main] p6spy                                    : #1667480656488 | took 3ms | statement | connection 3| url jdbc:mysql://localhost:3306/query_dsl?useSSl=false&useUnicode=true&serverTimezone=Asia/Seoul&allowPublicKeyRetrieval=true&createDatabaseIfNotExist=true
/* select m from Member m where m.userName = :userName */ select member0_.member_id as member_i1_1_, member0_.age as age2_1_, member0_.team_id as team_id4_1_, member0_.user_name as user_nam3_1_ from member member0_ where member0_.user_name=?
/* select m from Member m where m.userName = :userName */ select member0_.member_id as member_i1_1_, member0_.age as age2_1_, member0_.team_id as team_id4_1_, member0_.user_name as user_nam3_1_ from member member0_ where member0_.user_name='member1';
2022-11-03 22:04:16.566  INFO 1765 --- [main] p6spy                                    : #1667480656566 | took 2ms | rollback | connection 3| url jdbc:mysql://localhost:3306/query_dsl?useSSl=false&useUnicode=true&serverTimezone=Asia/Seoul&allowPublicKeyRetrieval=true&createDatabaseIfNotExist=true

;
2022-11-03 22:04:16.569  INFO 1765 --- [main] o.s.t.c.transaction.TransactionContext   : Rolled back transaction for test: [DefaultTestContext@2f05be7f testClass = MemberJpaRepositoryTest, testInstance = com.example.querydsl.entity.repository.MemberJpaRepositoryTest@1d4e06bb, testMethod = basicTest@MemberJpaRepositoryTest, testException = [null], mergedContextConfiguration = [WebMergedContextConfiguration@640f11a1 testClass = MemberJpaRepositoryTest, locations = '{}', classes = '{class com.example.querydsl.QuerydslApplication}', contextInitializerClasses = '[]', activeProfiles = '{}', propertySourceLocations = '{}', propertySourceProperties = '{org.springframework.boot.test.context.SpringBootTestContextBootstrapper=true}', contextCustomizers = set[org.springframework.boot.test.autoconfigure.actuate.metrics.MetricsExportContextCustomizerFactory$DisableMetricExportContextCustomizer@1f760b47, org.springframework.boot.test.autoconfigure.properties.PropertyMappingContextCustomizer@0, org.springframework.boot.test.autoconfigure.web.servlet.WebDriverContextCustomizerFactory$Customizer@64ec96c6, org.springframework.boot.test.context.filter.ExcludeFilterContextCustomizer@452e19ca, org.springframework.boot.test.json.DuplicateJsonObjectContextCustomizerFactory$DuplicateJsonObjectContextCustomizer@e25951c, org.springframework.boot.test.mock.mockito.MockitoContextCustomizer@0, org.springframework.boot.test.web.client.TestRestTemplateContextCustomizer@24c22fe, org.springframework.boot.test.context.SpringBootTestArgs@1, org.springframework.boot.test.context.SpringBootTestWebEnvironment@11e21d0e], resourceBasePath = 'src/main/webapp', contextLoader = 'org.springframework.boot.test.context.SpringBootContextLoader', parent = [null]], attributes = map['org.springframework.test.context.web.ServletTestExecutionListener.activateListener' -> true, 'org.springframework.test.context.web.ServletTestExecutionListener.populatedRequestContextHolder' -> true, 'org.springframework.test.context.web.ServletTestExecutionListener.resetRequestContextHolder' -> true, 'org.springframework.test.context.event.ApplicationEventsTestExecutionListener.recordApplicationEvents' -> false]]
2022-11-03 22:04:16.584  INFO 1765 --- [SpringApplicationShutdownHook] j.LocalContainerEntityManagerFactoryBean : Closing JPA EntityManagerFactory for persistence unit 'default'
2022-11-03 22:04:16.589  INFO 1765 --- [SpringApplicationShutdownHook] com.zaxxer.hikari.HikariDataSource       : HikariPool-1 - Shutdown initiated...
2022-11-03 22:04:16.608  INFO 1765 --- [SpringApplicationShutdownHook] com.zaxxer.hikari.HikariDataSource       : HikariPool-1 - Shutdown completed.
2022-11-03 22:07:36.357  INFO 1904 --- [main] c.e.q.e.r.MemberJpaRepositoryTest        : Starting MemberJpaRepositoryTest using Java 11.0.13 on chaemyeongjeong-ui-MacBookAir.local with PID 1904 (started by chaemyeongjeong in /Users/chaemyeongjeong/IdeaProjects/querydsl)
2022-11-03 22:07:36.358  INFO 1904 --- [main] c.e.q.e.r.MemberJpaRepositoryTest        : No active profile set, falling back to 1 default profile: "default"
2022-11-03 22:07:37.541  INFO 1904 --- [main] .s.d.r.c.RepositoryConfigurationDelegate : Bootstrapping Spring Data JPA repositories in DEFAULT mode.
2022-11-03 22:07:37.577  INFO 1904 --- [main] .s.d.r.c.RepositoryConfigurationDelegate : Finished Spring Data repository scanning in 27 ms. Found 0 JPA repository interfaces.
2022-11-03 22:07:38.922  INFO 1904 --- [main] o.hibernate.jpa.internal.util.LogHelper  : HHH000204: Processing PersistenceUnitInfo [name: default]
2022-11-03 22:07:38.970  INFO 1904 --- [main] org.hibernate.Version                    : HHH000412: Hibernate ORM core version 5.6.11.Final
2022-11-03 22:07:39.128  INFO 1904 --- [main] o.hibernate.annotations.common.Version   : HCANN000001: Hibernate Commons Annotations {5.1.2.Final}
2022-11-03 22:07:39.231  INFO 1904 --- [main] com.zaxxer.hikari.HikariDataSource       : HikariPool-1 - Starting...
2022-11-03 22:07:39.708  INFO 1904 --- [main] com.zaxxer.hikari.HikariDataSource       : HikariPool-1 - Start completed.
2022-11-03 22:07:39.724  INFO 1904 --- [main] org.hibernate.dialect.Dialect            : HHH000400: Using dialect: org.hibernate.dialect.MySQL57Dialect
2022-11-03 22:07:40.555  INFO 1904 --- [main] p6spy                                    : #1667480860555 | took 18ms | statement | connection 1| url jdbc:mysql://localhost:3306/query_dsl?useSSl=false&useUnicode=true&serverTimezone=Asia/Seoul&allowPublicKeyRetrieval=true&createDatabaseIfNotExist=true

    alter table member 
       drop 
       foreign key FKcjte2jn9pvo9ud2hyfgwcja0k

    alter table member 
       drop 
       foreign key FKcjte2jn9pvo9ud2hyfgwcja0k;
2022-11-03 22:07:40.561  INFO 1904 --- [main] p6spy                                    : #1667480860561 | took 4ms | statement | connection 1| url jdbc:mysql://localhost:3306/query_dsl?useSSl=false&useUnicode=true&serverTimezone=Asia/Seoul&allowPublicKeyRetrieval=true&createDatabaseIfNotExist=true

    drop table if exists hello

    drop table if exists hello;
2022-11-03 22:07:40.571  INFO 1904 --- [main] p6spy                                    : #1667480860571 | took 6ms | statement | connection 1| url jdbc:mysql://localhost:3306/query_dsl?useSSl=false&useUnicode=true&serverTimezone=Asia/Seoul&allowPublicKeyRetrieval=true&createDatabaseIfNotExist=true

    drop table if exists member

    drop table if exists member;
2022-11-03 22:07:40.576  INFO 1904 --- [main] p6spy                                    : #1667480860576 | took 4ms | statement | connection 1| url jdbc:mysql://localhost:3306/query_dsl?useSSl=false&useUnicode=true&serverTimezone=Asia/Seoul&allowPublicKeyRetrieval=true&createDatabaseIfNotExist=true

    drop table if exists team

    drop table if exists team;
2022-11-03 22:07:40.588  INFO 1904 --- [main] p6spy                                    : #1667480860587 | took 6ms | statement | connection 2| url jdbc:mysql://localhost:3306/query_dsl?useSSl=false&useUnicode=true&serverTimezone=Asia/Seoul&allowPublicKeyRetrieval=true&createDatabaseIfNotExist=true

    create table hello (
       id bigint not null auto_increment,
        primary key (id)
    ) engine=InnoDB

    create table hello (
       id bigint not null auto_increment,
        primary key (id)
    ) engine=InnoDB;
2022-11-03 22:07:40.592  INFO 1904 --- [main] p6spy                                    : #1667480860592 | took 4ms | statement | connection 2| url jdbc:mysql://localhost:3306/query_dsl?useSSl=false&useUnicode=true&serverTimezone=Asia/Seoul&allowPublicKeyRetrieval=true&createDatabaseIfNotExist=true

    create table member (
       member_id bigint not null auto_increment,
        age integer not null,
        user_name varchar(255),
        team_id bigint,
        primary key (member_id)
    ) engine=InnoDB

    create table member (
       member_id bigint not null auto_increment,
        age integer not null,
        user_name varchar(255),
        team_id bigint,
        primary key (member_id)
    ) engine=InnoDB;
2022-11-03 22:07:40.597  INFO 1904 --- [main] p6spy                                    : #1667480860597 | took 4ms | statement | connection 2| url jdbc:mysql://localhost:3306/query_dsl?useSSl=false&useUnicode=true&serverTimezone=Asia/Seoul&allowPublicKeyRetrieval=true&createDatabaseIfNotExist=true

    create table team (
       team_id bigint not null auto_increment,
        name varchar(255),
        primary key (team_id)
    ) engine=InnoDB

    create table team (
       team_id bigint not null auto_increment,
        name varchar(255),
        primary key (team_id)
    ) engine=InnoDB;
2022-11-03 22:07:40.608  INFO 1904 --- [main] p6spy                                    : #1667480860608 | took 9ms | statement | connection 2| url jdbc:mysql://localhost:3306/query_dsl?useSSl=false&useUnicode=true&serverTimezone=Asia/Seoul&allowPublicKeyRetrieval=true&createDatabaseIfNotExist=true

    alter table member 
       add constraint FKcjte2jn9pvo9ud2hyfgwcja0k 
       foreign key (team_id) 
       references team (team_id)

    alter table member 
       add constraint FKcjte2jn9pvo9ud2hyfgwcja0k 
       foreign key (team_id) 
       references team (team_id);
2022-11-03 22:07:40.612  INFO 1904 --- [main] o.h.e.t.j.p.i.JtaPlatformInitiator       : HHH000490: Using JtaPlatform implementation: [org.hibernate.engine.transaction.jta.platform.internal.NoJtaPlatform]
2022-11-03 22:07:40.620  INFO 1904 --- [main] j.LocalContainerEntityManagerFactoryBean : Initialized JPA EntityManagerFactory for persistence unit 'default'
2022-11-03 22:07:41.177  WARN 1904 --- [main] JpaBaseConfiguration$JpaWebConfiguration : spring.jpa.open-in-view is enabled by default. Therefore, database queries may be performed during view rendering. Explicitly configure spring.jpa.open-in-view to disable this warning
2022-11-03 22:07:42.232  INFO 1904 --- [main] c.e.q.e.r.MemberJpaRepositoryTest        : Started MemberJpaRepositoryTest in 6.665 seconds (JVM running for 8.137)
2022-11-03 22:07:42.332  INFO 1904 --- [main] o.s.t.c.transaction.TransactionContext   : Began transaction (1) for test context [DefaultTestContext@640f11a1 testClass = MemberJpaRepositoryTest, testInstance = com.example.querydsl.entity.repository.MemberJpaRepositoryTest@3c862522, testMethod = basicQuerydslTest@MemberJpaRepositoryTest, testException = [null], mergedContextConfiguration = [WebMergedContextConfiguration@5c10f1c3 testClass = MemberJpaRepositoryTest, locations = '{}', classes = '{class com.example.querydsl.QuerydslApplication}', contextInitializerClasses = '[]', activeProfiles = '{}', propertySourceLocations = '{}', propertySourceProperties = '{org.springframework.boot.test.context.SpringBootTestContextBootstrapper=true}', contextCustomizers = set[org.springframework.boot.test.autoconfigure.actuate.metrics.MetricsExportContextCustomizerFactory$DisableMetricExportContextCustomizer@18ece7f4, org.springframework.boot.test.autoconfigure.properties.PropertyMappingContextCustomizer@0, org.springframework.boot.test.autoconfigure.web.servlet.WebDriverContextCustomizerFactory$Customizer@77659b30, org.springframework.boot.test.context.filter.ExcludeFilterContextCustomizer@6b0d80ed, org.springframework.boot.test.json.DuplicateJsonObjectContextCustomizerFactory$DuplicateJsonObjectContextCustomizer@15f47664, org.springframework.boot.test.mock.mockito.MockitoContextCustomizer@0, org.springframework.boot.test.web.client.TestRestTemplateContextCustomizer@93081b6, org.springframework.boot.test.context.SpringBootTestArgs@1, org.springframework.boot.test.context.SpringBootTestWebEnvironment@11e21d0e], resourceBasePath = 'src/main/webapp', contextLoader = 'org.springframework.boot.test.context.SpringBootContextLoader', parent = [null]], attributes = map['org.springframework.test.context.web.ServletTestExecutionListener.activateListener' -> true, 'org.springframework.test.context.web.ServletTestExecutionListener.populatedRequestContextHolder' -> true, 'org.springframework.test.context.web.ServletTestExecutionListener.resetRequestContextHolder' -> true, 'org.springframework.test.context.event.ApplicationEventsTestExecutionListener.recordApplicationEvents' -> false]]; transaction manager [org.springframework.orm.jpa.JpaTransactionManager@638341b0]; rollback [true]
2022-11-03 22:07:42.548  INFO 1904 --- [main] p6spy                                    : #1667480862548 | took 1ms | statement | connection 3| url jdbc:mysql://localhost:3306/query_dsl?useSSl=false&useUnicode=true&serverTimezone=Asia/Seoul&allowPublicKeyRetrieval=true&createDatabaseIfNotExist=true
/* insert com.example.querydsl.entity.Member */ insert into member (age, team_id, user_name) values (?, ?, ?)
/* insert com.example.querydsl.entity.Member */ insert into member (age, team_id, user_name) values (10, NULL, 'member1');
2022-11-03 22:07:42.755  INFO 1904 --- [main] p6spy                                    : #1667480862755 | took 5ms | statement | connection 3| url jdbc:mysql://localhost:3306/query_dsl?useSSl=false&useUnicode=true&serverTimezone=Asia/Seoul&allowPublicKeyRetrieval=true&createDatabaseIfNotExist=true
/* select member1
from Member member1 */ select member0_.member_id as member_i1_1_, member0_.age as age2_1_, member0_.team_id as team_id4_1_, member0_.user_name as user_nam3_1_ from member member0_
/* select member1
from Member member1 */ select member0_.member_id as member_i1_1_, member0_.age as age2_1_, member0_.team_id as team_id4_1_, member0_.user_name as user_nam3_1_ from member member0_;
2022-11-03 22:07:42.773  INFO 1904 --- [main] p6spy                                    : #1667480862773 | took 1ms | statement | connection 3| url jdbc:mysql://localhost:3306/query_dsl?useSSl=false&useUnicode=true&serverTimezone=Asia/Seoul&allowPublicKeyRetrieval=true&createDatabaseIfNotExist=true
/* select member1
from Member member1
where member1.userName = ?1 */ select member0_.member_id as member_i1_1_, member0_.age as age2_1_, member0_.team_id as team_id4_1_, member0_.user_name as user_nam3_1_ from member member0_ where member0_.user_name=?
/* select member1
from Member member1
where member1.userName = 'member1'1 */ select member0_.member_id as member_i1_1_, member0_.age as age2_1_, member0_.team_id as team_id4_1_, member0_.user_name as user_nam3_1_ from member member0_ where member0_.user_name=NULL;
2022-11-03 22:07:42.845  INFO 1904 --- [main] p6spy                                    : #1667480862845 | took 1ms | rollback | connection 3| url jdbc:mysql://localhost:3306/query_dsl?useSSl=false&useUnicode=true&serverTimezone=Asia/Seoul&allowPublicKeyRetrieval=true&createDatabaseIfNotExist=true

;
2022-11-03 22:07:42.848  INFO 1904 --- [main] o.s.t.c.transaction.TransactionContext   : Rolled back transaction for test: [DefaultTestContext@640f11a1 testClass = MemberJpaRepositoryTest, testInstance = com.example.querydsl.entity.repository.MemberJpaRepositoryTest@3c862522, testMethod = basicQuerydslTest@MemberJpaRepositoryTest, testException = [null], mergedContextConfiguration = [WebMergedContextConfiguration@5c10f1c3 testClass = MemberJpaRepositoryTest, locations = '{}', classes = '{class com.example.querydsl.QuerydslApplication}', contextInitializerClasses = '[]', activeProfiles = '{}', propertySourceLocations = '{}', propertySourceProperties = '{org.springframework.boot.test.context.SpringBootTestContextBootstrapper=true}', contextCustomizers = set[org.springframework.boot.test.autoconfigure.actuate.metrics.MetricsExportContextCustomizerFactory$DisableMetricExportContextCustomizer@18ece7f4, org.springframework.boot.test.autoconfigure.properties.PropertyMappingContextCustomizer@0, org.springframework.boot.test.autoconfigure.web.servlet.WebDriverContextCustomizerFactory$Customizer@77659b30, org.springframework.boot.test.context.filter.ExcludeFilterContextCustomizer@6b0d80ed, org.springframework.boot.test.json.DuplicateJsonObjectContextCustomizerFactory$DuplicateJsonObjectContextCustomizer@15f47664, org.springframework.boot.test.mock.mockito.MockitoContextCustomizer@0, org.springframework.boot.test.web.client.TestRestTemplateContextCustomizer@93081b6, org.springframework.boot.test.context.SpringBootTestArgs@1, org.springframework.boot.test.context.SpringBootTestWebEnvironment@11e21d0e], resourceBasePath = 'src/main/webapp', contextLoader = 'org.springframework.boot.test.context.SpringBootContextLoader', parent = [null]], attributes = map['org.springframework.test.context.web.ServletTestExecutionListener.activateListener' -> true, 'org.springframework.test.context.web.ServletTestExecutionListener.populatedRequestContextHolder' -> true, 'org.springframework.test.context.web.ServletTestExecutionListener.resetRequestContextHolder' -> true, 'org.springframework.test.context.event.ApplicationEventsTestExecutionListener.recordApplicationEvents' -> false]]
2022-11-03 22:07:42.870  INFO 1904 --- [SpringApplicationShutdownHook] j.LocalContainerEntityManagerFactoryBean : Closing JPA EntityManagerFactory for persistence unit 'default'
2022-11-03 22:07:42.875  INFO 1904 --- [SpringApplicationShutdownHook] com.zaxxer.hikari.HikariDataSource       : HikariPool-1 - Shutdown initiated...
2022-11-03 22:07:42.893  INFO 1904 --- [SpringApplicationShutdownHook] com.zaxxer.hikari.HikariDataSource       : HikariPool-1 - Shutdown completed.
2022-11-03 22:36:09.834  INFO 2998 --- [main] c.e.q.e.r.MemberJpaRepositoryTest        : Starting MemberJpaRepositoryTest using Java 11.0.13 on chaemyeongjeong-ui-MacBookAir.local with PID 2998 (started by chaemyeongjeong in /Users/chaemyeongjeong/IdeaProjects/querydsl)
2022-11-03 22:36:09.837  INFO 2998 --- [main] c.e.q.e.r.MemberJpaRepositoryTest        : No active profile set, falling back to 1 default profile: "default"
2022-11-03 22:36:11.142  INFO 2998 --- [main] .s.d.r.c.RepositoryConfigurationDelegate : Bootstrapping Spring Data JPA repositories in DEFAULT mode.
2022-11-03 22:36:11.178  INFO 2998 --- [main] .s.d.r.c.RepositoryConfigurationDelegate : Finished Spring Data repository scanning in 28 ms. Found 0 JPA repository interfaces.
2022-11-03 22:36:12.519  INFO 2998 --- [main] o.hibernate.jpa.internal.util.LogHelper  : HHH000204: Processing PersistenceUnitInfo [name: default]
2022-11-03 22:36:12.566  INFO 2998 --- [main] org.hibernate.Version                    : HHH000412: Hibernate ORM core version 5.6.11.Final
2022-11-03 22:36:12.731  INFO 2998 --- [main] o.hibernate.annotations.common.Version   : HCANN000001: Hibernate Commons Annotations {5.1.2.Final}
2022-11-03 22:36:12.830  INFO 2998 --- [main] com.zaxxer.hikari.HikariDataSource       : HikariPool-1 - Starting...
2022-11-03 22:36:13.316  INFO 2998 --- [main] com.zaxxer.hikari.HikariDataSource       : HikariPool-1 - Start completed.
2022-11-03 22:36:13.334  INFO 2998 --- [main] org.hibernate.dialect.Dialect            : HHH000400: Using dialect: org.hibernate.dialect.MySQL57Dialect
2022-11-03 22:36:14.147  INFO 2998 --- [main] p6spy                                    : #1667482574147 | took 25ms | statement | connection 1| url jdbc:mysql://localhost:3306/query_dsl?useSSl=false&useUnicode=true&serverTimezone=Asia/Seoul&allowPublicKeyRetrieval=true&createDatabaseIfNotExist=true

    alter table member 
       drop 
       foreign key FKcjte2jn9pvo9ud2hyfgwcja0k

    alter table member 
       drop 
       foreign key FKcjte2jn9pvo9ud2hyfgwcja0k;
2022-11-03 22:36:14.153  INFO 2998 --- [main] p6spy                                    : #1667482574153 | took 5ms | statement | connection 1| url jdbc:mysql://localhost:3306/query_dsl?useSSl=false&useUnicode=true&serverTimezone=Asia/Seoul&allowPublicKeyRetrieval=true&createDatabaseIfNotExist=true

    drop table if exists hello

    drop table if exists hello;
2022-11-03 22:36:14.160  INFO 2998 --- [main] p6spy                                    : #1667482574160 | took 5ms | statement | connection 1| url jdbc:mysql://localhost:3306/query_dsl?useSSl=false&useUnicode=true&serverTimezone=Asia/Seoul&allowPublicKeyRetrieval=true&createDatabaseIfNotExist=true

    drop table if exists member

    drop table if exists member;
2022-11-03 22:36:14.163  INFO 2998 --- [main] p6spy                                    : #1667482574163 | took 2ms | statement | connection 1| url jdbc:mysql://localhost:3306/query_dsl?useSSl=false&useUnicode=true&serverTimezone=Asia/Seoul&allowPublicKeyRetrieval=true&createDatabaseIfNotExist=true

    drop table if exists team

    drop table if exists team;
2022-11-03 22:36:14.175  INFO 2998 --- [main] p6spy                                    : #1667482574175 | took 5ms | statement | connection 2| url jdbc:mysql://localhost:3306/query_dsl?useSSl=false&useUnicode=true&serverTimezone=Asia/Seoul&allowPublicKeyRetrieval=true&createDatabaseIfNotExist=true

    create table hello (
       id bigint not null auto_increment,
        primary key (id)
    ) engine=InnoDB

    create table hello (
       id bigint not null auto_increment,
        primary key (id)
    ) engine=InnoDB;
2022-11-03 22:36:14.180  INFO 2998 --- [main] p6spy                                    : #1667482574180 | took 4ms | statement | connection 2| url jdbc:mysql://localhost:3306/query_dsl?useSSl=false&useUnicode=true&serverTimezone=Asia/Seoul&allowPublicKeyRetrieval=true&createDatabaseIfNotExist=true

    create table member (
       member_id bigint not null auto_increment,
        age integer not null,
        user_name varchar(255),
        team_id bigint,
        primary key (member_id)
    ) engine=InnoDB

    create table member (
       member_id bigint not null auto_increment,
        age integer not null,
        user_name varchar(255),
        team_id bigint,
        primary key (member_id)
    ) engine=InnoDB;
2022-11-03 22:36:14.186  INFO 2998 --- [main] p6spy                                    : #1667482574186 | took 4ms | statement | connection 2| url jdbc:mysql://localhost:3306/query_dsl?useSSl=false&useUnicode=true&serverTimezone=Asia/Seoul&allowPublicKeyRetrieval=true&createDatabaseIfNotExist=true

    create table team (
       team_id bigint not null auto_increment,
        name varchar(255),
        primary key (team_id)
    ) engine=InnoDB

    create table team (
       team_id bigint not null auto_increment,
        name varchar(255),
        primary key (team_id)
    ) engine=InnoDB;
2022-11-03 22:36:14.195  INFO 2998 --- [main] p6spy                                    : #1667482574195 | took 8ms | statement | connection 2| url jdbc:mysql://localhost:3306/query_dsl?useSSl=false&useUnicode=true&serverTimezone=Asia/Seoul&allowPublicKeyRetrieval=true&createDatabaseIfNotExist=true

    alter table member 
       add constraint FKcjte2jn9pvo9ud2hyfgwcja0k 
       foreign key (team_id) 
       references team (team_id)

    alter table member 
       add constraint FKcjte2jn9pvo9ud2hyfgwcja0k 
       foreign key (team_id) 
       references team (team_id);
2022-11-03 22:36:14.199  INFO 2998 --- [main] o.h.e.t.j.p.i.JtaPlatformInitiator       : HHH000490: Using JtaPlatform implementation: [org.hibernate.engine.transaction.jta.platform.internal.NoJtaPlatform]
2022-11-03 22:36:14.207  INFO 2998 --- [main] j.LocalContainerEntityManagerFactoryBean : Initialized JPA EntityManagerFactory for persistence unit 'default'
2022-11-03 22:36:14.751  WARN 2998 --- [main] JpaBaseConfiguration$JpaWebConfiguration : spring.jpa.open-in-view is enabled by default. Therefore, database queries may be performed during view rendering. Explicitly configure spring.jpa.open-in-view to disable this warning
2022-11-03 22:36:15.741  INFO 2998 --- [main] c.e.q.e.r.MemberJpaRepositoryTest        : Started MemberJpaRepositoryTest in 6.68 seconds (JVM running for 8.153)
2022-11-03 22:36:15.843  INFO 2998 --- [main] o.s.t.c.transaction.TransactionContext   : Began transaction (1) for test context [DefaultTestContext@5c10f1c3 testClass = MemberJpaRepositoryTest, testInstance = com.example.querydsl.entity.repository.MemberJpaRepositoryTest@1d7d968c, testMethod = searchTest@MemberJpaRepositoryTest, testException = [null], mergedContextConfiguration = [WebMergedContextConfiguration@7ac2e39b testClass = MemberJpaRepositoryTest, locations = '{}', classes = '{class com.example.querydsl.QuerydslApplication}', contextInitializerClasses = '[]', activeProfiles = '{}', propertySourceLocations = '{}', propertySourceProperties = '{org.springframework.boot.test.context.SpringBootTestContextBootstrapper=true}', contextCustomizers = set[org.springframework.boot.test.autoconfigure.actuate.metrics.MetricsExportContextCustomizerFactory$DisableMetricExportContextCustomizer@3cce57c7, org.springframework.boot.test.autoconfigure.properties.PropertyMappingContextCustomizer@0, org.springframework.boot.test.autoconfigure.web.servlet.WebDriverContextCustomizerFactory$Customizer@456d6c1e, org.springframework.boot.test.context.filter.ExcludeFilterContextCustomizer@6f8e8894, org.springframework.boot.test.json.DuplicateJsonObjectContextCustomizerFactory$DuplicateJsonObjectContextCustomizer@471a9022, org.springframework.boot.test.mock.mockito.MockitoContextCustomizer@0, org.springframework.boot.test.web.client.TestRestTemplateContextCustomizer@cd1e646, org.springframework.boot.test.context.SpringBootTestArgs@1, org.springframework.boot.test.context.SpringBootTestWebEnvironment@11e21d0e], resourceBasePath = 'src/main/webapp', contextLoader = 'org.springframework.boot.test.context.SpringBootContextLoader', parent = [null]], attributes = map['org.springframework.test.context.web.ServletTestExecutionListener.activateListener' -> true, 'org.springframework.test.context.web.ServletTestExecutionListener.populatedRequestContextHolder' -> true, 'org.springframework.test.context.web.ServletTestExecutionListener.resetRequestContextHolder' -> true, 'org.springframework.test.context.event.ApplicationEventsTestExecutionListener.recordApplicationEvents' -> false]]; transaction manager [org.springframework.orm.jpa.JpaTransactionManager@646c872a]; rollback [true]
2022-11-03 22:36:16.002  INFO 2998 --- [main] p6spy                                    : #1667482576002 | took 3ms | statement | connection 3| url jdbc:mysql://localhost:3306/query_dsl?useSSl=false&useUnicode=true&serverTimezone=Asia/Seoul&allowPublicKeyRetrieval=true&createDatabaseIfNotExist=true
/* insert com.example.querydsl.entity.Team */ insert into team (name) values (?)
/* insert com.example.querydsl.entity.Team */ insert into team (name) values ('teamA');
2022-11-03 22:36:16.019  INFO 2998 --- [main] p6spy                                    : #1667482576018 | took 1ms | statement | connection 3| url jdbc:mysql://localhost:3306/query_dsl?useSSl=false&useUnicode=true&serverTimezone=Asia/Seoul&allowPublicKeyRetrieval=true&createDatabaseIfNotExist=true
/* insert com.example.querydsl.entity.Team */ insert into team (name) values (?)
/* insert com.example.querydsl.entity.Team */ insert into team (name) values ('teamB');
2022-11-03 22:36:16.022  INFO 2998 --- [main] p6spy                                    : #1667482576022 | took 1ms | statement | connection 3| url jdbc:mysql://localhost:3306/query_dsl?useSSl=false&useUnicode=true&serverTimezone=Asia/Seoul&allowPublicKeyRetrieval=true&createDatabaseIfNotExist=true
/* insert com.example.querydsl.entity.Member */ insert into member (age, team_id, user_name) values (?, ?, ?)
/* insert com.example.querydsl.entity.Member */ insert into member (age, team_id, user_name) values (10, 1, 'member1');
2022-11-03 22:36:16.023  INFO 2998 --- [main] p6spy                                    : #1667482576023 | took 0ms | statement | connection 3| url jdbc:mysql://localhost:3306/query_dsl?useSSl=false&useUnicode=true&serverTimezone=Asia/Seoul&allowPublicKeyRetrieval=true&createDatabaseIfNotExist=true
/* insert com.example.querydsl.entity.Member */ insert into member (age, team_id, user_name) values (?, ?, ?)
/* insert com.example.querydsl.entity.Member */ insert into member (age, team_id, user_name) values (20, 1, 'member2');
2022-11-03 22:36:16.025  INFO 2998 --- [main] p6spy                                    : #1667482576025 | took 0ms | statement | connection 3| url jdbc:mysql://localhost:3306/query_dsl?useSSl=false&useUnicode=true&serverTimezone=Asia/Seoul&allowPublicKeyRetrieval=true&createDatabaseIfNotExist=true
/* insert com.example.querydsl.entity.Member */ insert into member (age, team_id, user_name) values (?, ?, ?)
/* insert com.example.querydsl.entity.Member */ insert into member (age, team_id, user_name) values (30, 2, 'member3');
2022-11-03 22:36:16.026  INFO 2998 --- [main] p6spy                                    : #1667482576026 | took 0ms | statement | connection 3| url jdbc:mysql://localhost:3306/query_dsl?useSSl=false&useUnicode=true&serverTimezone=Asia/Seoul&allowPublicKeyRetrieval=true&createDatabaseIfNotExist=true
/* insert com.example.querydsl.entity.Member */ insert into member (age, team_id, user_name) values (?, ?, ?)
/* insert com.example.querydsl.entity.Member */ insert into member (age, team_id, user_name) values (40, 2, 'member4');
2022-11-03 22:36:16.262  INFO 2998 --- [main] p6spy                                    : #1667482576261 | took 10ms | statement | connection 3| url jdbc:mysql://localhost:3306/query_dsl?useSSl=false&useUnicode=true&serverTimezone=Asia/Seoul&allowPublicKeyRetrieval=true&createDatabaseIfNotExist=true
/* select member1.id as memberId, member1.userName, member1.age, team.id as teamId, team.name as teamName
from Member member1
  left join member1.team as team
where team.name = ?1 and member1.age >= ?2 and member1.age >= ?3 */ select member0_.member_id as col_0_0_, member0_.user_name as col_1_0_, member0_.age as col_2_0_, team1_.team_id as col_3_0_, team1_.name as col_4_0_ from member member0_ left outer join team team1_ on member0_.team_id=team1_.team_id where team1_.name=? and member0_.age>=? and member0_.age>=?
/* select member1.id as memberId, member1.userName, member1.age, team.id as teamId, team.name as teamName
from Member member1
  left join member1.team as team
where team.name = 'teamB'1 and member1.age >= 352 and member1.age >= 403 */ select member0_.member_id as col_0_0_, member0_.user_name as col_1_0_, member0_.age as col_2_0_, team1_.team_id as col_3_0_, team1_.name as col_4_0_ from member member0_ left outer join team team1_ on member0_.team_id=team1_.team_id where team1_.name=NULL and member0_.age>=? and member0_.age>=?;
2022-11-03 22:36:16.331  INFO 2998 --- [main] p6spy                                    : #1667482576331 | took 0ms | rollback | connection 3| url jdbc:mysql://localhost:3306/query_dsl?useSSl=false&useUnicode=true&serverTimezone=Asia/Seoul&allowPublicKeyRetrieval=true&createDatabaseIfNotExist=true

;
2022-11-03 22:36:16.334  INFO 2998 --- [main] o.s.t.c.transaction.TransactionContext   : Rolled back transaction for test: [DefaultTestContext@5c10f1c3 testClass = MemberJpaRepositoryTest, testInstance = com.example.querydsl.entity.repository.MemberJpaRepositoryTest@1d7d968c, testMethod = searchTest@MemberJpaRepositoryTest, testException = [null], mergedContextConfiguration = [WebMergedContextConfiguration@7ac2e39b testClass = MemberJpaRepositoryTest, locations = '{}', classes = '{class com.example.querydsl.QuerydslApplication}', contextInitializerClasses = '[]', activeProfiles = '{}', propertySourceLocations = '{}', propertySourceProperties = '{org.springframework.boot.test.context.SpringBootTestContextBootstrapper=true}', contextCustomizers = set[org.springframework.boot.test.autoconfigure.actuate.metrics.MetricsExportContextCustomizerFactory$DisableMetricExportContextCustomizer@3cce57c7, org.springframework.boot.test.autoconfigure.properties.PropertyMappingContextCustomizer@0, org.springframework.boot.test.autoconfigure.web.servlet.WebDriverContextCustomizerFactory$Customizer@456d6c1e, org.springframework.boot.test.context.filter.ExcludeFilterContextCustomizer@6f8e8894, org.springframework.boot.test.json.DuplicateJsonObjectContextCustomizerFactory$DuplicateJsonObjectContextCustomizer@471a9022, org.springframework.boot.test.mock.mockito.MockitoContextCustomizer@0, org.springframework.boot.test.web.client.TestRestTemplateContextCustomizer@cd1e646, org.springframework.boot.test.context.SpringBootTestArgs@1, org.springframework.boot.test.context.SpringBootTestWebEnvironment@11e21d0e], resourceBasePath = 'src/main/webapp', contextLoader = 'org.springframework.boot.test.context.SpringBootContextLoader', parent = [null]], attributes = map['org.springframework.test.context.web.ServletTestExecutionListener.activateListener' -> true, 'org.springframework.test.context.web.ServletTestExecutionListener.populatedRequestContextHolder' -> true, 'org.springframework.test.context.web.ServletTestExecutionListener.resetRequestContextHolder' -> true, 'org.springframework.test.context.event.ApplicationEventsTestExecutionListener.recordApplicationEvents' -> false]]
2022-11-03 22:36:16.352  INFO 2998 --- [SpringApplicationShutdownHook] j.LocalContainerEntityManagerFactoryBean : Closing JPA EntityManagerFactory for persistence unit 'default'
2022-11-03 22:36:16.357  INFO 2998 --- [SpringApplicationShutdownHook] com.zaxxer.hikari.HikariDataSource       : HikariPool-1 - Shutdown initiated...
2022-11-03 22:36:16.375  INFO 2998 --- [SpringApplicationShutdownHook] com.zaxxer.hikari.HikariDataSource       : HikariPool-1 - Shutdown completed.
2022-11-03 22:37:15.728  INFO 3043 --- [main] c.e.q.e.r.MemberJpaRepositoryTest        : Starting MemberJpaRepositoryTest using Java 11.0.13 on chaemyeongjeong-ui-MacBookAir.local with PID 3043 (started by chaemyeongjeong in /Users/chaemyeongjeong/IdeaProjects/querydsl)
2022-11-03 22:37:15.730  INFO 3043 --- [main] c.e.q.e.r.MemberJpaRepositoryTest        : No active profile set, falling back to 1 default profile: "default"
2022-11-03 22:37:16.882  INFO 3043 --- [main] .s.d.r.c.RepositoryConfigurationDelegate : Bootstrapping Spring Data JPA repositories in DEFAULT mode.
2022-11-03 22:37:16.914  INFO 3043 --- [main] .s.d.r.c.RepositoryConfigurationDelegate : Finished Spring Data repository scanning in 23 ms. Found 0 JPA repository interfaces.
2022-11-03 22:37:18.260  INFO 3043 --- [main] o.hibernate.jpa.internal.util.LogHelper  : HHH000204: Processing PersistenceUnitInfo [name: default]
2022-11-03 22:37:18.303  INFO 3043 --- [main] org.hibernate.Version                    : HHH000412: Hibernate ORM core version 5.6.11.Final
2022-11-03 22:37:18.458  INFO 3043 --- [main] o.hibernate.annotations.common.Version   : HCANN000001: Hibernate Commons Annotations {5.1.2.Final}
2022-11-03 22:37:18.556  INFO 3043 --- [main] com.zaxxer.hikari.HikariDataSource       : HikariPool-1 - Starting...
2022-11-03 22:37:19.041  INFO 3043 --- [main] com.zaxxer.hikari.HikariDataSource       : HikariPool-1 - Start completed.
2022-11-03 22:37:19.057  INFO 3043 --- [main] org.hibernate.dialect.Dialect            : HHH000400: Using dialect: org.hibernate.dialect.MySQL57Dialect
2022-11-03 22:37:19.900  INFO 3043 --- [main] p6spy                                    : #1667482639900 | took 17ms | statement | connection 1| url jdbc:mysql://localhost:3306/query_dsl?useSSl=false&useUnicode=true&serverTimezone=Asia/Seoul&allowPublicKeyRetrieval=true&createDatabaseIfNotExist=true

    alter table member 
       drop 
       foreign key FKcjte2jn9pvo9ud2hyfgwcja0k

    alter table member 
       drop 
       foreign key FKcjte2jn9pvo9ud2hyfgwcja0k;
2022-11-03 22:37:19.905  INFO 3043 --- [main] p6spy                                    : #1667482639905 | took 4ms | statement | connection 1| url jdbc:mysql://localhost:3306/query_dsl?useSSl=false&useUnicode=true&serverTimezone=Asia/Seoul&allowPublicKeyRetrieval=true&createDatabaseIfNotExist=true

    drop table if exists hello

    drop table if exists hello;
2022-11-03 22:37:19.912  INFO 3043 --- [main] p6spy                                    : #1667482639912 | took 5ms | statement | connection 1| url jdbc:mysql://localhost:3306/query_dsl?useSSl=false&useUnicode=true&serverTimezone=Asia/Seoul&allowPublicKeyRetrieval=true&createDatabaseIfNotExist=true

    drop table if exists member

    drop table if exists member;
2022-11-03 22:37:19.919  INFO 3043 --- [main] p6spy                                    : #1667482639919 | took 6ms | statement | connection 1| url jdbc:mysql://localhost:3306/query_dsl?useSSl=false&useUnicode=true&serverTimezone=Asia/Seoul&allowPublicKeyRetrieval=true&createDatabaseIfNotExist=true

    drop table if exists team

    drop table if exists team;
2022-11-03 22:37:19.931  INFO 3043 --- [main] p6spy                                    : #1667482639931 | took 7ms | statement | connection 2| url jdbc:mysql://localhost:3306/query_dsl?useSSl=false&useUnicode=true&serverTimezone=Asia/Seoul&allowPublicKeyRetrieval=true&createDatabaseIfNotExist=true

    create table hello (
       id bigint not null auto_increment,
        primary key (id)
    ) engine=InnoDB

    create table hello (
       id bigint not null auto_increment,
        primary key (id)
    ) engine=InnoDB;
2022-11-03 22:37:19.938  INFO 3043 --- [main] p6spy                                    : #1667482639938 | took 6ms | statement | connection 2| url jdbc:mysql://localhost:3306/query_dsl?useSSl=false&useUnicode=true&serverTimezone=Asia/Seoul&allowPublicKeyRetrieval=true&createDatabaseIfNotExist=true

    create table member (
       member_id bigint not null auto_increment,
        age integer not null,
        user_name varchar(255),
        team_id bigint,
        primary key (member_id)
    ) engine=InnoDB

    create table member (
       member_id bigint not null auto_increment,
        age integer not null,
        user_name varchar(255),
        team_id bigint,
        primary key (member_id)
    ) engine=InnoDB;
2022-11-03 22:37:19.943  INFO 3043 --- [main] p6spy                                    : #1667482639943 | took 4ms | statement | connection 2| url jdbc:mysql://localhost:3306/query_dsl?useSSl=false&useUnicode=true&serverTimezone=Asia/Seoul&allowPublicKeyRetrieval=true&createDatabaseIfNotExist=true

    create table team (
       team_id bigint not null auto_increment,
        name varchar(255),
        primary key (team_id)
    ) engine=InnoDB

    create table team (
       team_id bigint not null auto_increment,
        name varchar(255),
        primary key (team_id)
    ) engine=InnoDB;
2022-11-03 22:37:19.954  INFO 3043 --- [main] p6spy                                    : #1667482639954 | took 10ms | statement | connection 2| url jdbc:mysql://localhost:3306/query_dsl?useSSl=false&useUnicode=true&serverTimezone=Asia/Seoul&allowPublicKeyRetrieval=true&createDatabaseIfNotExist=true

    alter table member 
       add constraint FKcjte2jn9pvo9ud2hyfgwcja0k 
       foreign key (team_id) 
       references team (team_id)

    alter table member 
       add constraint FKcjte2jn9pvo9ud2hyfgwcja0k 
       foreign key (team_id) 
       references team (team_id);
2022-11-03 22:37:19.959  INFO 3043 --- [main] o.h.e.t.j.p.i.JtaPlatformInitiator       : HHH000490: Using JtaPlatform implementation: [org.hibernate.engine.transaction.jta.platform.internal.NoJtaPlatform]
2022-11-03 22:37:19.968  INFO 3043 --- [main] j.LocalContainerEntityManagerFactoryBean : Initialized JPA EntityManagerFactory for persistence unit 'default'
2022-11-03 22:37:20.504  WARN 3043 --- [main] JpaBaseConfiguration$JpaWebConfiguration : spring.jpa.open-in-view is enabled by default. Therefore, database queries may be performed during view rendering. Explicitly configure spring.jpa.open-in-view to disable this warning
2022-11-03 22:37:21.573  INFO 3043 --- [main] c.e.q.e.r.MemberJpaRepositoryTest        : Started MemberJpaRepositoryTest in 6.628 seconds (JVM running for 8.197)
2022-11-03 22:37:21.674  INFO 3043 --- [main] o.s.t.c.transaction.TransactionContext   : Began transaction (1) for test context [DefaultTestContext@5c10f1c3 testClass = MemberJpaRepositoryTest, testInstance = com.example.querydsl.entity.repository.MemberJpaRepositoryTest@1d7d968c, testMethod = searchTest@MemberJpaRepositoryTest, testException = [null], mergedContextConfiguration = [WebMergedContextConfiguration@7ac2e39b testClass = MemberJpaRepositoryTest, locations = '{}', classes = '{class com.example.querydsl.QuerydslApplication}', contextInitializerClasses = '[]', activeProfiles = '{}', propertySourceLocations = '{}', propertySourceProperties = '{org.springframework.boot.test.context.SpringBootTestContextBootstrapper=true}', contextCustomizers = set[org.springframework.boot.test.autoconfigure.actuate.metrics.MetricsExportContextCustomizerFactory$DisableMetricExportContextCustomizer@3cce57c7, org.springframework.boot.test.autoconfigure.properties.PropertyMappingContextCustomizer@0, org.springframework.boot.test.autoconfigure.web.servlet.WebDriverContextCustomizerFactory$Customizer@456d6c1e, org.springframework.boot.test.context.filter.ExcludeFilterContextCustomizer@6f8e8894, org.springframework.boot.test.json.DuplicateJsonObjectContextCustomizerFactory$DuplicateJsonObjectContextCustomizer@471a9022, org.springframework.boot.test.mock.mockito.MockitoContextCustomizer@0, org.springframework.boot.test.web.client.TestRestTemplateContextCustomizer@cd1e646, org.springframework.boot.test.context.SpringBootTestArgs@1, org.springframework.boot.test.context.SpringBootTestWebEnvironment@11e21d0e], resourceBasePath = 'src/main/webapp', contextLoader = 'org.springframework.boot.test.context.SpringBootContextLoader', parent = [null]], attributes = map['org.springframework.test.context.web.ServletTestExecutionListener.activateListener' -> true, 'org.springframework.test.context.web.ServletTestExecutionListener.populatedRequestContextHolder' -> true, 'org.springframework.test.context.web.ServletTestExecutionListener.resetRequestContextHolder' -> true, 'org.springframework.test.context.event.ApplicationEventsTestExecutionListener.recordApplicationEvents' -> false]]; transaction manager [org.springframework.orm.jpa.JpaTransactionManager@646c872a]; rollback [true]
2022-11-03 22:37:21.844  INFO 3043 --- [main] p6spy                                    : #1667482641844 | took 5ms | statement | connection 3| url jdbc:mysql://localhost:3306/query_dsl?useSSl=false&useUnicode=true&serverTimezone=Asia/Seoul&allowPublicKeyRetrieval=true&createDatabaseIfNotExist=true
/* insert com.example.querydsl.entity.Team */ insert into team (name) values (?)
/* insert com.example.querydsl.entity.Team */ insert into team (name) values ('teamA');
2022-11-03 22:37:21.864  INFO 3043 --- [main] p6spy                                    : #1667482641864 | took 0ms | statement | connection 3| url jdbc:mysql://localhost:3306/query_dsl?useSSl=false&useUnicode=true&serverTimezone=Asia/Seoul&allowPublicKeyRetrieval=true&createDatabaseIfNotExist=true
/* insert com.example.querydsl.entity.Team */ insert into team (name) values (?)
/* insert com.example.querydsl.entity.Team */ insert into team (name) values ('teamB');
2022-11-03 22:37:21.868  INFO 3043 --- [main] p6spy                                    : #1667482641868 | took 1ms | statement | connection 3| url jdbc:mysql://localhost:3306/query_dsl?useSSl=false&useUnicode=true&serverTimezone=Asia/Seoul&allowPublicKeyRetrieval=true&createDatabaseIfNotExist=true
/* insert com.example.querydsl.entity.Member */ insert into member (age, team_id, user_name) values (?, ?, ?)
/* insert com.example.querydsl.entity.Member */ insert into member (age, team_id, user_name) values (10, 1, 'member1');
2022-11-03 22:37:21.869  INFO 3043 --- [main] p6spy                                    : #1667482641869 | took 0ms | statement | connection 3| url jdbc:mysql://localhost:3306/query_dsl?useSSl=false&useUnicode=true&serverTimezone=Asia/Seoul&allowPublicKeyRetrieval=true&createDatabaseIfNotExist=true
/* insert com.example.querydsl.entity.Member */ insert into member (age, team_id, user_name) values (?, ?, ?)
/* insert com.example.querydsl.entity.Member */ insert into member (age, team_id, user_name) values (20, 1, 'member2');
2022-11-03 22:37:21.871  INFO 3043 --- [main] p6spy                                    : #1667482641871 | took 0ms | statement | connection 3| url jdbc:mysql://localhost:3306/query_dsl?useSSl=false&useUnicode=true&serverTimezone=Asia/Seoul&allowPublicKeyRetrieval=true&createDatabaseIfNotExist=true
/* insert com.example.querydsl.entity.Member */ insert into member (age, team_id, user_name) values (?, ?, ?)
/* insert com.example.querydsl.entity.Member */ insert into member (age, team_id, user_name) values (30, 2, 'member3');
2022-11-03 22:37:21.872  INFO 3043 --- [main] p6spy                                    : #1667482641872 | took 0ms | statement | connection 3| url jdbc:mysql://localhost:3306/query_dsl?useSSl=false&useUnicode=true&serverTimezone=Asia/Seoul&allowPublicKeyRetrieval=true&createDatabaseIfNotExist=true
/* insert com.example.querydsl.entity.Member */ insert into member (age, team_id, user_name) values (?, ?, ?)
/* insert com.example.querydsl.entity.Member */ insert into member (age, team_id, user_name) values (40, 2, 'member4');
2022-11-03 22:37:22.090  INFO 3043 --- [main] p6spy                                    : #1667482642090 | took 3ms | statement | connection 3| url jdbc:mysql://localhost:3306/query_dsl?useSSl=false&useUnicode=true&serverTimezone=Asia/Seoul&allowPublicKeyRetrieval=true&createDatabaseIfNotExist=true
/* select member1.id as memberId, member1.userName, member1.age, team.id as teamId, team.name as teamName
from Member member1
  left join member1.team as team
where team.name = ?1 and member1.age >= ?2 and member1.age <= ?3 */ select member0_.member_id as col_0_0_, member0_.user_name as col_1_0_, member0_.age as col_2_0_, team1_.team_id as col_3_0_, team1_.name as col_4_0_ from member member0_ left outer join team team1_ on member0_.team_id=team1_.team_id where team1_.name=? and member0_.age>=? and member0_.age<=?
/* select member1.id as memberId, member1.userName, member1.age, team.id as teamId, team.name as teamName
from Member member1
  left join member1.team as team
where team.name = 'teamB'1 and member1.age >= 352 and member1.age <= 403 */ select member0_.member_id as col_0_0_, member0_.user_name as col_1_0_, member0_.age as col_2_0_, team1_.team_id as col_3_0_, team1_.name as col_4_0_ from member member0_ left outer join team team1_ on member0_.team_id=team1_.team_id where team1_.name=NULL and member0_.age>=? and member0_.age<=?;
2022-11-03 22:37:22.164  INFO 3043 --- [main] p6spy                                    : #1667482642164 | took 1ms | rollback | connection 3| url jdbc:mysql://localhost:3306/query_dsl?useSSl=false&useUnicode=true&serverTimezone=Asia/Seoul&allowPublicKeyRetrieval=true&createDatabaseIfNotExist=true

;
2022-11-03 22:37:22.166  INFO 3043 --- [main] o.s.t.c.transaction.TransactionContext   : Rolled back transaction for test: [DefaultTestContext@5c10f1c3 testClass = MemberJpaRepositoryTest, testInstance = com.example.querydsl.entity.repository.MemberJpaRepositoryTest@1d7d968c, testMethod = searchTest@MemberJpaRepositoryTest, testException = [null], mergedContextConfiguration = [WebMergedContextConfiguration@7ac2e39b testClass = MemberJpaRepositoryTest, locations = '{}', classes = '{class com.example.querydsl.QuerydslApplication}', contextInitializerClasses = '[]', activeProfiles = '{}', propertySourceLocations = '{}', propertySourceProperties = '{org.springframework.boot.test.context.SpringBootTestContextBootstrapper=true}', contextCustomizers = set[org.springframework.boot.test.autoconfigure.actuate.metrics.MetricsExportContextCustomizerFactory$DisableMetricExportContextCustomizer@3cce57c7, org.springframework.boot.test.autoconfigure.properties.PropertyMappingContextCustomizer@0, org.springframework.boot.test.autoconfigure.web.servlet.WebDriverContextCustomizerFactory$Customizer@456d6c1e, org.springframework.boot.test.context.filter.ExcludeFilterContextCustomizer@6f8e8894, org.springframework.boot.test.json.DuplicateJsonObjectContextCustomizerFactory$DuplicateJsonObjectContextCustomizer@471a9022, org.springframework.boot.test.mock.mockito.MockitoContextCustomizer@0, org.springframework.boot.test.web.client.TestRestTemplateContextCustomizer@cd1e646, org.springframework.boot.test.context.SpringBootTestArgs@1, org.springframework.boot.test.context.SpringBootTestWebEnvironment@11e21d0e], resourceBasePath = 'src/main/webapp', contextLoader = 'org.springframework.boot.test.context.SpringBootContextLoader', parent = [null]], attributes = map['org.springframework.test.context.web.ServletTestExecutionListener.activateListener' -> true, 'org.springframework.test.context.web.ServletTestExecutionListener.populatedRequestContextHolder' -> true, 'org.springframework.test.context.web.ServletTestExecutionListener.resetRequestContextHolder' -> true, 'org.springframework.test.context.event.ApplicationEventsTestExecutionListener.recordApplicationEvents' -> false]]
2022-11-03 22:37:22.182  INFO 3043 --- [SpringApplicationShutdownHook] j.LocalContainerEntityManagerFactoryBean : Closing JPA EntityManagerFactory for persistence unit 'default'
2022-11-03 22:37:22.187  INFO 3043 --- [SpringApplicationShutdownHook] com.zaxxer.hikari.HikariDataSource       : HikariPool-1 - Shutdown initiated...
2022-11-03 22:37:22.207  INFO 3043 --- [SpringApplicationShutdownHook] com.zaxxer.hikari.HikariDataSource       : HikariPool-1 - Shutdown completed.
